0
22..fasta.ref,Len:4832567,GC:50.7478
9..fasta,Len:5286558,GC:50.6759
331..fasta,Len:5434442,GC:50.6097
5..fasta,Len:5561698,GC:50.5812
198..fasta,Len:5074754,GC:50.4872
403..fasta,Len:5038603,GC:50.7649
307..fasta,Len:5135675,GC:50.651
92..fasta,Len:4664102,GC:50.7375
315..fasta,Len:5077228,GC:50.9209
268..fasta,Len:5422620,GC:50.4846
80..fasta,Len:5371077,GC:50.6171
527..fasta,Len:4685200,GC:50.7602
376..fasta,Len:5213052,GC:50.6477
49..fasta,Len:5032268,GC:50.681
34..fasta,Len:5031843,GC:50.6171
45..fasta,Len:5547323,GC:50.478
481..fasta,Len:5146765,GC:50.589
26..fasta,Len:4817460,GC:50.8963
73..fasta,Len:5697240,GC:50.6848
10..fasta,Len:5233459,GC:50.7539
61..fasta,Len:5386223,GC:50.5124
118..fasta,Len:5645233,GC:50.549
59..fasta,Len:5186416,GC:50.7229
24..fasta,Len:4901865,GC:50.8269
47..fasta,Len:4773108,GC:50.6956
36..fasta,Len:4794957,GC:50.6059
55..fasta,Len:4887515,GC:50.7966
28..fasta,Len:4733615,GC:50.7647
63..fasta,Len:4891769,GC:50.7291
12..fasta,Len:5525846,GC:50.5549
71..fasta,Len:5263980,GC:50.4646
7..fasta,Len:4863599,GC:50.8801
401..fasta,Len:5103562,GC:50.5358
413..fasta,Len:4940434,GC:50.8055
82..fasta,Len:5273097,GC:50.7143
90..fasta,Len:4920168,GC:50.8379
305..fasta,Len:5317846,GC:50.6317
429..fasta,Len:5406069,GC:50.4959
606..fasta,Len:5082025,GC:50.5486
16..fasta,Len:5411823,GC:50.5376
75..fasta,Len:4678046,GC:50.7458
79..fasta,Len:5585611,GC:50.6872
67..fasta,Len:5193734,GC:50.4704
32..fasta,Len:5283836,GC:50.5917
51..fasta,Len:5572075,GC:50.5225
20..fasta,Len:5428751,GC:50.5295
43..fasta,Len:4641665,GC:50.7906
433..fasta,Len:4947515,GC:50.7485
94..fasta,Len:4711358,GC:50.8936
86..fasta,Len:5076615,GC:50.587
98..fasta,Len:5144250,GC:50.6515
417..fasta,Len:4809836,GC:50.7251
3..fasta,Len:4803751,GC:50.7796
337..fasta,Len:5096741,GC:50.7843
84..fasta,Len:5253138,GC:50.7449
523..fasta,Len:4750764,GC:50.6415
423..fasta,Len:5333488,GC:50.5654
88..fasta,Len:4835601,GC:50.8516
452..fasta,Len:4567805,GC:50.7411
260..fasta,Len:5115137,GC:50.7649
96..fasta,Len:5399183,GC:50.8746
356..fasta,Len:4848222,GC:50.7998
1..fasta,Len:4934634,GC:50.4324
18..fasta,Len:5370710,GC:50.5124
65..fasta,Len:4984940,GC:50.7195
77..fasta,Len:5585613,GC:50.6871
14..fasta,Len:5474193,GC:50.4871
69..fasta,Len:4747819,GC:50.6803
100..fasta,Len:5364051,GC:50.5932
41..fasta,Len:4709905,GC:50.7633
485..fasta,Len:4924294,GC:50.6473
22..fasta,Len:4832567,GC:50.7478
53..fasta,Len:5000386,GC:50.8184
30..fasta,Len:5145749,GC:50.5153
11..fasta,Len:5467107,GC:50.4796
284..fasta,Len:5440026,GC:50.7016
72..fasta,Len:5386352,GC:50.5231
60..fasta,Len:5108383,GC:50.6995
35..fasta,Len:4595238,GC:50.7348
48..fasta,Len:5209548,GC:50.7338
27..fasta,Len:4630919,GC:50.8211
39..fasta,Len:5478683,GC:50.4888
44..fasta,Len:4686137,GC:50.7813
93..fasta,Len:4638126,GC:50.8283
365..fasta,Len:5305706,GC:50.6262
434..fasta,Len:4888773,GC:50.9948
81..fasta,Len:5292862,GC:50.7119
538..fasta,Len:4621164,GC:50.789
8..fasta,Len:5428937,GC:50.4455
402..fasta,Len:5025753,GC:50.7574
4..fasta,Len:4998910,GC:50.6531
230..fasta,Len:5508281,GC:50.5123
83..fasta,Len:5312586,GC:50.7192
91..fasta,Len:4718545,GC:50.7495
367..fasta,Len:4784688,GC:50.8102
332..fasta,Len:5802748,GC:50.6797
6..fasta,Len:5506801,GC:50.5541
343..fasta,Len:5343367,GC:50.5571
62..fasta,Len:4897452,GC:50.8473
70..fasta,Len:4638126,GC:50.8286
13..fasta,Len:5513008,GC:50.5474
46..fasta,Len:5082025,GC:50.5486
29..fasta,Len:5146228,GC:50.5149
37..fasta,Len:5445834,GC:50.5076
508..fasta,Len:4886210,GC:50.7692
259..fasta,Len:5118381,GC:50.7744
347..fasta,Len:5474890,GC:50.5399
228..fasta,Len:5442850,GC:50.5243
2..fasta,Len:5029591,GC:50.4898
551..fasta,Len:4884467,GC:50.6898
95..fasta,Len:5153435,GC:50.7573
99..fasta,Len:4758629,GC:51.1064
87..fasta,Len:5102554,GC:50.6175
50..fasta,Len:4700560,GC:50.7937
33..fasta,Len:5060620,GC:50.5219
42..fasta,Len:4641652,GC:50.7907
21..fasta,Len:4669790,GC:50.9112
282..fasta,Len:5478884,GC:50.4892
74..fasta,Len:4632368,GC:50.6616
17..fasta,Len:5516496,GC:50.5318
66..fasta,Len:4603777,GC:50.8023
78..fasta,Len:5402281,GC:50.6664
23..fasta,Len:4805164,GC:50.7622
40..fasta,Len:5332063,GC:50.5391
64..fasta,Len:5087638,GC:50.6478
19..fasta,Len:4833062,GC:50.7529
68..fasta,Len:5262974,GC:50.5169
15..fasta,Len:5513531,GC:50.4999
76..fasta,Len:5402276,GC:50.6662
465..fasta,Len:4737445,GC:50.6888
577..fasta,Len:5548751,GC:50.5911
85..fasta,Len:5449314,GC:50.6552
310..fasta,Len:5671594,GC:50.7036
97..fasta,Len:4821305,GC:50.7725
361..fasta,Len:5385516,GC:50.7003
89..fasta,Len:4773108,GC:50.6956
        Finished processing input sequences, elapsed time: 33 seconds

                 Compressed suffix graph construction elapsed time: 0 seconds

/out/run_20250902_100426
/out/run_20250902_100426/all.mumi
                 MUMi pairwise distance calculation finished: 154 seconds

